<?xml version="1.0" encoding="UTF-8"?>
<!-- Generated by org.testng.reporters.JUnitReportReporter -->
<testsuite skipped="0" hostname="Asiful" name="com.test.LoginTest" tests="1" failures="0" timestamp="06 Oct 2020 14:49:48 GMT" time="24.901" errors="0">
  <testcase name="doLoginTest" time="24.901" classname="com.test.LoginTest"/>
</testsuite> <!-- com.test.LoginTest -->
