<?xml version="1.0" encoding="UTF-8"?>
<!-- Generated by org.testng.reporters.JUnitReportReporter -->
<testsuite skipped="0" hostname="Asiful" name="com.test.BaseTest" tests="6" failures="0" timestamp="09 Oct 2020 19:14:45 GMT" time="30.507" errors="0">
  <testcase name="verifyHomepagePageTest" time="0.168" classname="com.test.BaseTest"/>
  <testcase name="doLoginTest" time="10.061" classname="com.test.BaseTest"/>
  <testcase name="searchtest" time="6.172" classname="com.test.BaseTest"/>
  <testcase name="FilterSearch" time="9.334" classname="com.test.BaseTest"/>
  <testcase name="getNames" time="0.452" classname="com.test.BaseTest"/>
  <testcase name="SignOut" time="4.320" classname="com.test.BaseTest"/>
</testsuite> <!-- com.test.BaseTest -->
