<?xml version="1.0" encoding="UTF-8"?>
<!-- Generated by org.testng.reporters.JUnitReportReporter -->
<testsuite skipped="0" hostname="DESKTOP-RJ2R220" name="com.test.BaseTest" tests="6" failures="0" timestamp="2020-10-08T16:50:54 IST" time="46.432" errors="0">
  <testcase name="verifyHomepagePageTest" time="0.123" classname="com.test.BaseTest"/>
  <system-out/>
  <testcase name="doLoginTest" time="7.519" classname="com.test.BaseTest"/>
  <system-out/>
  <testcase name="searchtest" time="7.852" classname="com.test.BaseTest"/>
  <system-out/>
  <testcase name="FilterSearch" time="14.081" classname="com.test.BaseTest"/>
  <system-out/>
  <testcase name="getNames" time="1.018" classname="com.test.BaseTest"/>
  <system-out/>
  <testcase name="writeExcel" time="15.839" classname="com.test.BaseTest"/>
  <system-out/>
</testsuite> <!-- com.test.BaseTest -->
