<?xml version="1.0" encoding="UTF-8"?>
<!-- Generated by org.testng.reporters.JUnitReportReporter -->
<testsuite skipped="0" hostname="DESKTOP-4LU25GP" name="com.test.BaseTest" tests="16" failures="0" timestamp="14 Oct 2020 04:02:06 GMT" time="79.571" errors="0">
  <testcase name="verifyHomepagePageTest" time="0.187" classname="com.test.BaseTest"/>
  <testcase name="verifyHomepagePageTest" time="2.739" classname="com.test.BaseTest"/>
  <testcase name="doLoginTest" time="8.468" classname="com.test.BaseTest"/>
  <testcase name="doLoginTest" time="7.524" classname="com.test.BaseTest"/>
  <testcase name="searchtest" time="7.690" classname="com.test.BaseTest"/>
  <testcase name="searchtest" time="19.091" classname="com.test.BaseTest"/>
  <testcase name="FilterSearch" time="7.640" classname="com.test.BaseTest"/>
  <testcase name="FilterSearch" time="8.290" classname="com.test.BaseTest"/>
  <testcase name="getNames" time="0.502" classname="com.test.BaseTest"/>
  <testcase name="getNames" time="0.462" classname="com.test.BaseTest"/>
  <testcase name="writeExcel" time="5.138" classname="com.test.BaseTest"/>
  <testcase name="writeExcel" time="0.101" classname="com.test.BaseTest"/>
  <testcase name="SignOut" time="6.571" classname="com.test.BaseTest"/>
  <testcase name="SignOut" time="4.530" classname="com.test.BaseTest"/>
  <testcase name="invsearchtest" time="0.343" classname="com.test.BaseTest"/>
  <testcase name="invsearchtest" time="0.295" classname="com.test.BaseTest"/>
</testsuite> <!-- com.test.BaseTest -->
