<?xml version="1.0" encoding="UTF-8"?>
<!-- Generated by org.testng.reporters.JUnitReportReporter -->
<testsuite skipped="0" hostname="DESKTOP-4LU25GP" name="com.test.BaseTest" tests="6" failures="0" timestamp="2020-10-09T13:19:45 IST" time="41.926" errors="0">
  <testcase name="verifyHomepagePageTest" time="0.429" classname="com.test.BaseTest"/>
  <system-out/>
  <testcase name="doLoginTest" time="5.254" classname="com.test.BaseTest"/>
  <system-out/>
  <testcase name="searchtest" time="10.190" classname="com.test.BaseTest"/>
  <system-out/>
  <testcase name="FilterSearch" time="7.960" classname="com.test.BaseTest"/>
  <system-out/>
  <testcase name="getNames" time="0.471" classname="com.test.BaseTest"/>
  <system-out/>
  <testcase name="writeExcel" time="17.622" classname="com.test.BaseTest"/>
  <system-out/>
</testsuite> <!-- com.test.BaseTest -->
