<?xml version="1.0" encoding="UTF-8"?>
<!-- Generated by org.testng.reporters.JUnitReportReporter -->
<testsuite skipped="0" hostname="Asiful" name="com.test.BaseTest" tests="3" failures="0" timestamp="2020-10-07T18:17:58 IST" time="19.100" errors="0">
  <testcase name="verifyHomepagePageTest" time="0.118" classname="com.test.BaseTest"/>
  <system-out/>
  <testcase name="doLoginTest" time="7.622" classname="com.test.BaseTest"/>
  <system-out/>
  <testcase name="searchtest" time="11.360" classname="com.test.BaseTest"/>
  <system-out/>
</testsuite> <!-- com.test.BaseTest -->
