<?xml version="1.0" encoding="UTF-8"?>
<!-- Generated by org.testng.reporters.JUnitReportReporter -->
<testsuite skipped="0" hostname="Asiful" name="com.test.BaseTest" tests="7" failures="0" timestamp="09 Oct 2020 10:44:48 GMT" time="52.452" errors="0">
  <testcase name="verifyHomepagePageTest" time="0.201" classname="com.test.BaseTest"/>
  <testcase name="doLoginTest" time="5.809" classname="com.test.BaseTest"/>
  <testcase name="searchtest" time="6.319" classname="com.test.BaseTest"/>
  <testcase name="FilterSearch" time="10.809" classname="com.test.BaseTest"/>
  <testcase name="getNames" time="2.598" classname="com.test.BaseTest"/>
  <testcase name="writeExcel" time="1.983" classname="com.test.BaseTest"/>
  <testcase name="SignOut" time="24.733" classname="com.test.BaseTest"/>
</testsuite> <!-- com.test.BaseTest -->
