<?xml version="1.0" encoding="UTF-8"?>
<!-- Generated by org.testng.reporters.JUnitReportReporter -->
<testsuite skipped="0" hostname="Asiful" name="com.test.BaseTest" tests="2" failures="0" timestamp="2020-10-08T12:48:03 IST" time="13.635" errors="0">
  <testcase name="searchtest" time="4.525" classname="com.test.BaseTest"/>
  <system-out/>
  <testcase name="FilterSearch" time="9.110" classname="com.test.BaseTest"/>
  <system-out/>
</testsuite> <!-- com.test.BaseTest -->
