<?xml version="1.0" encoding="UTF-8"?>
<!-- Generated by org.testng.reporters.JUnitReportReporter -->
<testsuite skipped="0" hostname="DESKTOP-4LU25GP" name="com.test.BaseTest" tests="16" failures="0" timestamp="14 Oct 2020 02:49:56 GMT" time="85.480" errors="0">
  <testcase name="verifyHomepagePageTest" time="0.179" classname="com.test.BaseTest"/>
  <testcase name="verifyHomepagePageTest" time="0.940" classname="com.test.BaseTest"/>
  <testcase name="doLoginTest" time="5.922" classname="com.test.BaseTest"/>
  <testcase name="doLoginTest" time="6.544" classname="com.test.BaseTest"/>
  <testcase name="searchtest" time="8.739" classname="com.test.BaseTest"/>
  <testcase name="searchtest" time="18.971" classname="com.test.BaseTest"/>
  <testcase name="FilterSearch" time="8.037" classname="com.test.BaseTest"/>
  <testcase name="FilterSearch" time="12.380" classname="com.test.BaseTest"/>
  <testcase name="getNames" time="0.362" classname="com.test.BaseTest"/>
  <testcase name="getNames" time="0.582" classname="com.test.BaseTest"/>
  <testcase name="writeExcel" time="12.017" classname="com.test.BaseTest"/>
  <testcase name="writeExcel" time="0.212" classname="com.test.BaseTest"/>
  <testcase name="SignOut" time="4.055" classname="com.test.BaseTest"/>
  <testcase name="SignOut" time="5.834" classname="com.test.BaseTest"/>
  <testcase name="invsearchtest" time="0.304" classname="com.test.BaseTest"/>
  <testcase name="invsearchtest" time="0.402" classname="com.test.BaseTest"/>
</testsuite> <!-- com.test.BaseTest -->
