<?xml version="1.0" encoding="UTF-8"?>
<!-- Generated by org.testng.reporters.JUnitReportReporter -->
<testsuite skipped="0" hostname="DESKTOP-4LU25GP" name="com.test.BaseTest" tests="6" failures="0" timestamp="2020-10-09T12:37:03 IST" time="37.938" errors="0">
  <testcase name="verifyHomepagePageTest" time="1.380" classname="com.test.BaseTest"/>
  <system-out/>
  <testcase name="doLoginTest" time="6.018" classname="com.test.BaseTest"/>
  <system-out/>
  <testcase name="searchtest" time="5.798" classname="com.test.BaseTest"/>
  <system-out/>
  <testcase name="FilterSearch" time="13.633" classname="com.test.BaseTest"/>
  <system-out/>
  <testcase name="getNames" time="0.466" classname="com.test.BaseTest"/>
  <system-out/>
  <testcase name="writeExcel" time="10.643" classname="com.test.BaseTest"/>
  <system-out/>
</testsuite> <!-- com.test.BaseTest -->
