<?xml version="1.0" encoding="UTF-8"?>
<!-- Generated by org.testng.reporters.JUnitReportReporter -->
<testsuite skipped="0" hostname="DESKTOP-4LU25GP" name="com.test.BaseTest" tests="6" failures="0" timestamp="2020-10-08T17:47:23 IST" time="30.280" errors="0">
  <testcase name="verifyHomepagePageTest" time="0.123" classname="com.test.BaseTest"/>
  <system-out/>
  <testcase name="doLoginTest" time="6.440" classname="com.test.BaseTest"/>
  <system-out/>
  <testcase name="searchtest" time="5.658" classname="com.test.BaseTest"/>
  <system-out/>
  <testcase name="FilterSearch" time="9.990" classname="com.test.BaseTest"/>
  <system-out/>
  <testcase name="getNames" time="0.387" classname="com.test.BaseTest"/>
  <system-out/>
  <testcase name="writeExcel" time="7.682" classname="com.test.BaseTest"/>
  <system-out/>
</testsuite> <!-- com.test.BaseTest -->
