<?xml version="1.0" encoding="UTF-8"?>
<!-- Generated by org.testng.reporters.JUnitReportReporter -->
<testsuite skipped="0" hostname="DESKTOP-4LU25GP" name="com.test.BaseTest" tests="7" failures="0" timestamp="09 Oct 2020 13:44:10 GMT" time="32.113" errors="0">
  <testcase name="verifyHomepagePageTest" time="0.297" classname="com.test.BaseTest"/>
  <testcase name="doLoginTest" time="4.856" classname="com.test.BaseTest"/>
  <testcase name="searchtest" time="9.662" classname="com.test.BaseTest"/>
  <testcase name="FilterSearch" time="10.573" classname="com.test.BaseTest"/>
  <testcase name="getNames" time="0.400" classname="com.test.BaseTest"/>
  <testcase name="writeExcel" time="2.898" classname="com.test.BaseTest"/>
  <testcase name="SignOut" time="3.427" classname="com.test.BaseTest"/>
</testsuite> <!-- com.test.BaseTest -->
